

*******************************************************************************
Fri Dec 11 00:47:59 2009


FIT:    data read from "schwachged.data"
        #datapoints = 13
        residuals are weighted equally (unit weight)

function used for fitting: g1(x)
fitted parameters initialized with current variable values



 Iteration 0
 WSSR        : 539.074           delta(WSSR)/WSSR   : 0
 delta(WSSR) : 0                 limit for stopping : 1e-05
 lambda	  : 1.17199

initial set of free parameter values

m               = 1
j               = 1
om01            = 1
b               = 1

After 111 iterations the fit converged.
final sum of squares of residuals : 1.61518
rel. change during last iteration : -8.21655e-07

degrees of freedom    (FIT_NDF)                        : 9
rms of residuals      (FIT_STDFIT) = sqrt(WSSR/ndf)    : 0.423633
variance of residuals (reduced chisquare) = WSSR/ndf   : 0.179465

Final set of parameters            Asymptotic Standard Error
=======================            ==========================

m               = 0.173627         +/- 31.24        (1.799e+04%)
j               = 1.91212          +/- 688.5        (3.601e+04%)
om01            = -0.515374        +/- 0.0005426    (0.1053%)
b               = 0.000553503      +/- 0.1993       (3.601e+04%)


correlation matrix of the fit parameters:

               m      j      om01   b      
m               1.000 
j               1.000  1.000 
om01            0.463  0.464  1.000 
b               1.000  1.000  0.463  1.000 


*******************************************************************************
Fri Dec 11 00:48:32 2009


FIT:    data read from "schwachged.data"
        #datapoints = 13
        residuals are weighted equally (unit weight)

function used for fitting: g1(x)
fitted parameters initialized with current variable values



 Iteration 0
 WSSR        : 1.61518           delta(WSSR)/WSSR   : 0
 delta(WSSR) : 0                 limit for stopping : 1e-05
 lambda	  : 2501.97

initial set of free parameter values

m               = 0.173627
j               = 1.91212
om01            = -0.515374
b               = 0.000553503

After 1 iterations the fit converged.
final sum of squares of residuals : 1.61518
rel. change during last iteration : -7.76466e-08

degrees of freedom    (FIT_NDF)                        : 9
rms of residuals      (FIT_STDFIT) = sqrt(WSSR/ndf)    : 0.423633
variance of residuals (reduced chisquare) = WSSR/ndf   : 0.179465

Final set of parameters            Asymptotic Standard Error
=======================            ==========================

m               = 0.173627         +/- 31.24        (1.799e+04%)
j               = 1.91212          +/- 688.5        (3.601e+04%)
om01            = -0.515374        +/- 0.0005426    (0.1053%)
b               = 0.000553509      +/- 0.1993       (3.601e+04%)


correlation matrix of the fit parameters:

               m      j      om01   b      
m               1.000 
j               1.000  1.000 
om01            0.463  0.464  1.000 
b               1.000  1.000  0.464  1.000 


*******************************************************************************
Fri Dec 11 00:50:04 2009


FIT:    data read from "starkged.data"
        #datapoints = 15
        residuals are weighted equally (unit weight)

function used for fitting: g2(x)
fitted parameters initialized with current variable values



 Iteration 0
 WSSR        : 238.37            delta(WSSR)/WSSR   : 0
 delta(WSSR) : 0                 limit for stopping : 1e-05
 lambda	  : 2058.62

initial set of free parameter values

m2              = 0.173627
j2              = 1.91212
om02            = -0.515374
b2              = 0.000553509

After 7 iterations the fit converged.
final sum of squares of residuals : 0.0110602
rel. change during last iteration : -5.18586e-09

degrees of freedom    (FIT_NDF)                        : 11
rms of residuals      (FIT_STDFIT) = sqrt(WSSR/ndf)    : 0.0317092
variance of residuals (reduced chisquare) = WSSR/ndf   : 0.00100547

Final set of parameters            Asymptotic Standard Error
=======================            ==========================

m2              = 0.167812         +/- 5.81         (3462%)
j2              = 1.91701          +/- 132.8        (6927%)
om02            = -0.512117        +/- 0.0002544    (0.04968%)
b2              = 0.00529873       +/- 0.3671       (6928%)


correlation matrix of the fit parameters:

               m2     j2     om02   b2     
m2              1.000 
j2              1.000  1.000 
om02           -0.272 -0.272  1.000 
b2              1.000  1.000 -0.272  1.000 


*******************************************************************************
Fri Dec 11 00:50:48 2009


FIT:    data read from "starkged.data"
        #datapoints = 15
        residuals are weighted equally (unit weight)

function used for fitting: g2(x)
fitted parameters initialized with current variable values



 Iteration 0
 WSSR        : 0.0110602         delta(WSSR)/WSSR   : 0
 delta(WSSR) : 0                 limit for stopping : 1e-05
 lambda	  : 108.674

initial set of free parameter values

m2              = 0.167812
j2              = 1.91701
om02            = -0.512117
b2              = 0.00529873

After 1 iterations the fit converged.
final sum of squares of residuals : 0.0110602
rel. change during last iteration : -3.7998e-10

degrees of freedom    (FIT_NDF)                        : 11
rms of residuals      (FIT_STDFIT) = sqrt(WSSR/ndf)    : 0.0317092
variance of residuals (reduced chisquare) = WSSR/ndf   : 0.00100547

Final set of parameters            Asymptotic Standard Error
=======================            ==========================

m2              = 0.167812         +/- 5.81         (3462%)
j2              = 1.91701          +/- 132.8        (6927%)
om02            = -0.512117        +/- 0.0002544    (0.04968%)
b2              = 0.00529873       +/- 0.3671       (6928%)


correlation matrix of the fit parameters:

               m2     j2     om02   b2     
m2              1.000 
j2              1.000  1.000 
om02           -0.272 -0.272  1.000 
b2              1.000  1.000 -0.272  1.000 
