

*******************************************************************************
Thu Dec  3 17:03:37 2009


FIT:    data read from "statisch.data" using 1:2
        #datapoints = 21
        residuals are weighted equally (unit weight)

function used for fitting: f(x)
fitted parameters initialized with current variable values



 Iteration 0
 WSSR        : 6.53006e+06       delta(WSSR)/WSSR   : 0
 delta(WSSR) : 0                 limit for stopping : 1e-05
 lambda	  : 413.32

initial set of free parameter values

a               = 1
b               = 1

After 6 iterations the fit converged.
final sum of squares of residuals : 0.047381
rel. change during last iteration : -3.39442e-06

degrees of freedom    (FIT_NDF)                        : 19
rms of residuals      (FIT_STDFIT) = sqrt(WSSR/ndf)    : 0.0499373
variance of residuals (reduced chisquare) = WSSR/ndf   : 0.00249373

Final set of parameters            Asymptotic Standard Error
=======================            ==========================

a               = 0.00928571       +/- 3.599e-05    (0.3876%)
b               = 26.269           +/- 0.02104      (0.08009%)


correlation matrix of the fit parameters:

               a      b      
a               1.000 
b              -0.855  1.000 


*******************************************************************************
Thu Dec  3 17:05:33 2009


FIT:    data read from "statisch.data" using 1:3
        #datapoints = 10
        residuals are weighted equally (unit weight)

function used for fitting: g(x)
fitted parameters initialized with current variable values



 Iteration 0
 WSSR        : 575661            delta(WSSR)/WSSR   : 0
 delta(WSSR) : 0                 limit for stopping : 1e-05
 lambda	  : 188.747

initial set of free parameter values

c               = 1
d               = 1

After 6 iterations the fit converged.
final sum of squares of residuals : 0.152515
rel. change during last iteration : -5.28029e-09

degrees of freedom    (FIT_NDF)                        : 8
rms of residuals      (FIT_STDFIT) = sqrt(WSSR/ndf)    : 0.138074
variance of residuals (reduced chisquare) = WSSR/ndf   : 0.0190644

Final set of parameters            Asymptotic Standard Error
=======================            ==========================

c               = 0.0377515        +/- 0.000304     (0.8053%)
d               = 21.3709          +/- 0.08115      (0.3797%)


correlation matrix of the fit parameters:

               c      d      
c               1.000 
d              -0.843  1.000 


*******************************************************************************
Thu Dec  3 17:25:53 2009


FIT:    data read from "dyn_dick.data" using 1:2
        #datapoints = 9
        residuals are weighted equally (unit weight)

function used for fitting: f(x)
fitted parameters initialized with current variable values



 Iteration 0
 WSSR        : 8.77866e+06       delta(WSSR)/WSSR   : 0
 delta(WSSR) : 0                 limit for stopping : 1e-05
 lambda	  : 351.212

initial set of free parameter values

m               = 1
D               = 1

After 15 iterations the fit converged.
final sum of squares of residuals : 0.00950487
rel. change during last iteration : -8.34796e-12

degrees of freedom    (FIT_NDF)                        : 7
rms of residuals      (FIT_STDFIT) = sqrt(WSSR/ndf)    : 0.0368489
variance of residuals (reduced chisquare) = WSSR/ndf   : 0.00135784

Final set of parameters            Asymptotic Standard Error
=======================            ==========================

m               = 67.3703          +/- 4.895        (7.266%)
D               = 25480.7          +/- 180.6        (0.7088%)


correlation matrix of the fit parameters:

               m      D      
m               1.000 
D               0.846  1.000 


*******************************************************************************
Thu Dec  3 17:43:06 2009


FIT:    data read from "dyn_duenn.data"
        #datapoints = 13
        residuals are weighted equally (unit weight)

function used for fitting: f(x)
fitted parameters initialized with current variable values



 Iteration 0
 WSSR        : 3.57156e+07       delta(WSSR)/WSSR   : 0
 delta(WSSR) : 0                 limit for stopping : 1e-05
 lambda	  : 587.438

initial set of free parameter values

m               = 1
D               = 1

After 16 iterations the fit converged.
final sum of squares of residuals : 0.00794196
rel. change during last iteration : -2.46917e-10

degrees of freedom    (FIT_NDF)                        : 11
rms of residuals      (FIT_STDFIT) = sqrt(WSSR/ndf)    : 0.02687
variance of residuals (reduced chisquare) = WSSR/ndf   : 0.000721996

Final set of parameters            Asymptotic Standard Error
=======================            ==========================

m               = 53.8436          +/- 21.94        (40.74%)
D               = 102615           +/- 1086         (1.058%)


correlation matrix of the fit parameters:

               m      D      
m               1.000 
D               0.963  1.000 
